<?xml version="1.0" encoding="UTF-8"?>
<!-- Generated by org.testng.reporters.JUnitReportReporter -->
<testsuite skipped="0" hostname="QA0013" name="com.leafBot.testcases.TC004_EditLead" tests="1" failures="0" timestamp="19 May 2022 09:49:26 GMT" time="29.602" errors="0">
  <testcase name="editLead" time="29.602" classname="com.leafBot.testcases.TC004_EditLead"/>
</testsuite> <!-- com.leafBot.testcases.TC004_EditLead -->
