<?xml version="1.0" encoding="UTF-8"?>
<!-- Generated by org.testng.reporters.JUnitReportReporter -->
<testsuite skipped="2" hostname="QA0013" name="com.leafBot.testcases.TC003_CreateLead" tests="3" failures="0" timestamp="19 May 2022 09:49:27 GMT" time="23.004" errors="1">
  <testcase name="createLead" time="0.000" classname="com.leafBot.testcases.TC003_CreateLead">
    <skipped/>
  </testcase> <!-- createLead -->
  <testcase name="beforeMethod" time="23.004" classname="com.leafBot.testcases.TC003_CreateLead">
    <error type="java.lang.NullPointerException">
      <![CDATA[java.lang.NullPointerException
at com.leafBot.selenium.api.base.SeleniumBase.takeSnap(SeleniumBase.java:492)
at utils.Reporter.reportStep(Reporter.java:48)
at utils.Reporter.reportStep(Reporter.java:64)
at com.leafBot.selenium.api.base.SeleniumBase.startApp(SeleniumBase.java:282)
at com.leafBot.testng.api.base.ProjectSpecificMethods.beforeMethod(ProjectSpecificMethods.java:26)
at sun.reflect.NativeMethodAccessorImpl.invoke0(Native Method)
at sun.reflect.NativeMethodAccessorImpl.invoke(Unknown Source)
at sun.reflect.DelegatingMethodAccessorImpl.invoke(Unknown Source)
at java.lang.reflect.Method.invoke(Unknown Source)
at org.testng.internal.MethodInvocationHelper.invokeMethod(MethodInvocationHelper.java:124)
at org.testng.internal.MethodInvocationHelper.invokeMethodConsideringTimeout(MethodInvocationHelper.java:59)
at org.testng.internal.Invoker.invokeConfigurationMethod(Invoker.java:458)
at org.testng.internal.Invoker.invokeConfigurations(Invoker.java:222)
at org.testng.internal.Invoker.invokeMethod(Invoker.java:523)
at org.testng.internal.Invoker.invokeTestMethod(Invoker.java:719)
at org.testng.internal.Invoker.invokeTestMethods(Invoker.java:989)
at org.testng.internal.TestMethodWorker.invokeTestMethods(TestMethodWorker.java:125)
at org.testng.internal.TestMethodWorker.run(TestMethodWorker.java:109)
at java.util.concurrent.ThreadPoolExecutor.runWorker(Unknown Source)
at java.util.concurrent.ThreadPoolExecutor$Worker.run(Unknown Source)
at java.lang.Thread.run(Unknown Source)
]]>
    </error>
  </testcase> <!-- beforeMethod -->
  <testcase name="createLead" time="0.000" classname="com.leafBot.testcases.TC003_CreateLead">
    <skipped/>
  </testcase> <!-- createLead -->
</testsuite> <!-- com.leafBot.testcases.TC003_CreateLead -->
