<?xml version="1.0" encoding="UTF-8"?>
<!-- Generated by org.testng.reporters.JUnitReportReporter -->
<testsuite hostname="DevOps" failures="0" tests="1" name="com.leafBot.testcases.TC005_DeleteLead" time="24.104" errors="0" timestamp="04 Mar 2022 04:55:46 GMT" skipped="0">
  <testcase classname="com.leafBot.testcases.TC005_DeleteLead" name="deleteLead" time="24.104"/>
</testsuite> <!-- com.leafBot.testcases.TC005_DeleteLead -->
